<?xml version="1.0" encoding="UTF-8"?>
<!-- Generated by org.testng.reporters.JUnitReportReporter -->
<testsuite hostname="LIN41006734" failures="0" tests="5" name="seleniumAssignment.AssignmentTest" time="22.626" errors="0" timestamp="2022-05-20T23:04:20 IST" skipped="0">
  <testcase classname="seleniumAssignment.AssignmentTest" name="signin" time="7.925"/>
  <system-out/>
  <testcase classname="seleniumAssignment.AssignmentTest" name="selectTshirtInWomen" time="4.307"/>
  <system-out/>
  <testcase classname="seleniumAssignment.AssignmentTest" name="clickMore" time="5.289"/>
  <system-out/>
  <testcase classname="seleniumAssignment.AssignmentTest" name="QuantSizeColor" time="0.208"/>
  <system-out/>
  <testcase classname="seleniumAssignment.AssignmentTest" name="addCartAndProceed" time="4.897"/>
  <system-out/>
</testsuite> <!-- seleniumAssignment.AssignmentTest -->
